<?xml version="1.0" encoding="UTF-8"?>
<!-- Generated by org.testng.reporters.JUnitXMLReporter -->
<testsuite ignored="0" hostname="DESKTOP-BJ91MAS" failures="0" tests="5" name="Default test" time="105.677" errors="0" timestamp="2023-05-16T15:51:40 AST">
  <testcase classname="TESTCASES" name="LogIn" time="4.84"/>
  <testcase classname="TESTCASES" name="RANDOMLY_ADD3_PHONES" time="27.102"/>
  <testcase classname="TESTCASES" name="RANDOMLY_ADD2_LAPTOPS" time="19.879"/>
  <testcase classname="TESTCASES" name="RANDOMLY_ADD1_MONITOR" time="16.302"/>
  <testcase classname="TESTCASES" name="checkOutProcess" time="36.179"/>
</testsuite> <!-- Default test -->
